{"courseId":"1","level":"info","message":"Fetched course with ID 1","timestamp":"2024-11-10T16:33:05.583Z"}
{"level":"info","message":"Incoming request: POST /api/courses","timestamp":"2024-11-10T19:41:24.839Z"}
{"level":"info","message":"Incoming request: PUT /api/courses/1","timestamp":"2024-11-10T19:41:24.851Z"}
{"level":"info","message":"Incoming request: DELETE /api/courses/1","timestamp":"2024-11-10T19:41:24.855Z"}
{"level":"info","message":"Incoming request: POST /api/courses","timestamp":"2024-11-10T19:42:14.415Z"}
{"level":"info","message":"Incoming request: PUT /api/courses/1","timestamp":"2024-11-10T19:42:14.433Z"}
{"level":"info","message":"Incoming request: DELETE /api/courses/1","timestamp":"2024-11-10T19:42:14.437Z"}
[2024-12-10 00:00:33] [31merror[39m: Failed to fetch paginated courses with caching
[2024-12-10 00:00:33] [31merror[39m: Error: ENOENT: no such file or directory, open 'C:\Users\walee\Documents\CPS2\CPS2 development and system engineering\Maxime assignments\Lab4\CourseMangementSystem\dist\data\courses.json', Status Code: 500
[2024-12-10 00:00:33] [31merror[39m: Failed to create course
[2024-12-10 00:00:33] [31merror[39m: Error: ENOENT: no such file or directory, open 'C:\Users\walee\Documents\CPS2\CPS2 development and system engineering\Maxime assignments\Lab4\CourseMangementSystem\dist\data\courses.json', Status Code: 500
[2024-12-10 00:00:33] [31merror[39m: Failed to update course with ID 5
[2024-12-10 00:00:33] [31merror[39m: Error: ENOENT: no such file or directory, open 'C:\Users\walee\Documents\CPS2\CPS2 development and system engineering\Maxime assignments\Lab4\CourseMangementSystem\dist\data\courses.json', Status Code: 500
[2024-12-10 00:00:33] [31merror[39m: Failed to delete course with ID 4
[2024-12-10 00:00:33] [31merror[39m: Error: ENOENT: no such file or directory, open 'C:\Users\walee\Documents\CPS2\CPS2 development and system engineering\Maxime assignments\Lab4\CourseMangementSystem\dist\data\courses.json', Status Code: 500
[2024-12-10 00:00:33] [32minfo[39m: Created new course
[2024-12-10 00:00:33] [32minfo[39m: Updated course with ID 5
[2024-12-10 00:00:33] [31merror[39m: Failed to delete course with ID 4
[2024-12-10 00:00:33] [31merror[39m: Error: Course not found, Status Code: 404
[2024-12-10 00:00:37] [31merror[39m: Failed to fetch paginated courses with caching
[2024-12-10 00:00:37] [32minfo[39m: Created new course
[2024-12-10 00:00:37] [31merror[39m: Failed to update course with ID 5
[2024-12-10 00:00:37] [31merror[39m: Failed to delete course with ID 5
[2024-12-10 00:00:37] [32minfo[39m: Created new course
[2024-12-10 00:00:37] [32minfo[39m: Updated course with ID 5
[2024-12-10 00:00:37] [31merror[39m: Failed to delete course with ID 4
[2024-12-10 00:00:37] [31merror[39m: Error: Course not found, Status Code: 404
[2024-12-28 11:01:53] [32minfo[39m: Incoming request: GET /favicon.ico
[2024-12-30 14:12:09] [32minfo[39m: Created new course
[2024-12-30 14:12:09] [32minfo[39m: Updated course with ID 5
[2024-12-30 14:12:09] [31merror[39m: Failed to delete course with ID 4
[2024-12-30 14:12:09] [31merror[39m: Error: Course not found, Status Code: 404
[2024-12-30 14:12:09] [31merror[39m: Failed to fetch paginated courses with caching
[2024-12-30 14:12:09] [31merror[39m: Error: ENOENT: no such file or directory, open 'C:\Users\walee\Documents\CPS2\CPS2 development and system engineering\Maxime assignments\Lab4\CourseMangementSystem\dist\data\courses.json', Status Code: 500
[2024-12-30 14:12:09] [31merror[39m: Failed to create course
[2024-12-30 14:12:09] [31merror[39m: Error: ENOENT: no such file or directory, open 'C:\Users\walee\Documents\CPS2\CPS2 development and system engineering\Maxime assignments\Lab4\CourseMangementSystem\dist\data\courses.json', Status Code: 500
[2024-12-30 14:12:09] [31merror[39m: Failed to update course with ID 5
[2024-12-30 14:12:09] [31merror[39m: Error: ENOENT: no such file or directory, open 'C:\Users\walee\Documents\CPS2\CPS2 development and system engineering\Maxime assignments\Lab4\CourseMangementSystem\dist\data\courses.json', Status Code: 500
[2024-12-30 14:12:09] [31merror[39m: Failed to delete course with ID 4
[2024-12-30 14:12:09] [31merror[39m: Error: ENOENT: no such file or directory, open 'C:\Users\walee\Documents\CPS2\CPS2 development and system engineering\Maxime assignments\Lab4\CourseMangementSystem\dist\data\courses.json', Status Code: 500
[2024-12-30 14:12:13] [31merror[39m: Failed to fetch paginated courses with caching
[2024-12-30 14:12:13] [32minfo[39m: Created new course
[2024-12-30 14:12:13] [31merror[39m: Failed to update course with ID 5
[2024-12-30 14:12:13] [31merror[39m: Failed to delete course with ID 5
[2024-12-30 14:12:13] [32minfo[39m: Created new course
[2024-12-30 14:12:13] [32minfo[39m: Updated course with ID 5
[2024-12-30 14:12:13] [31merror[39m: Failed to delete course with ID 4
[2024-12-30 14:12:13] [31merror[39m: Error: Course not found, Status Code: 404
[2024-12-30 14:26:37] [31merror[39m: Failed to fetch paginated courses with caching
[2024-12-30 14:26:37] [31merror[39m: Error: ENOENT: no such file or directory, open 'C:\Users\walee\Documents\CPS2\CPS2 development and system engineering\Maxime assignments\Lab4\CourseMangementSystem\dist\data\courses.json', Status Code: 500
[2024-12-30 14:26:37] [32minfo[39m: Created new course
[2024-12-30 14:26:37] [31merror[39m: Failed to update course with ID 5
[2024-12-30 14:26:37] [31merror[39m: Error: Course not found, Status Code: 404
[2024-12-30 14:26:37] [31merror[39m: Failed to create course
[2024-12-30 14:26:37] [31merror[39m: Error: ENOENT: no such file or directory, open 'C:\Users\walee\Documents\CPS2\CPS2 development and system engineering\Maxime assignments\Lab4\CourseMangementSystem\dist\data\courses.json', Status Code: 500
[2024-12-30 14:26:37] [31merror[39m: Failed to delete course with ID 4
[2024-12-30 14:26:37] [31merror[39m: Failed to update course with ID 5
[2024-12-30 14:26:37] [31merror[39m: Error: Course not found, Status Code: 404
[2024-12-30 14:26:37] [31merror[39m: Error: ENOENT: no such file or directory, open 'C:\Users\walee\Documents\CPS2\CPS2 development and system engineering\Maxime assignments\Lab4\CourseMangementSystem\dist\data\courses.json', Status Code: 500
[2024-12-30 14:26:37] [31merror[39m: Failed to delete course with ID 4
[2024-12-30 14:26:37] [31merror[39m: Error: ENOENT: no such file or directory, open 'C:\Users\walee\Documents\CPS2\CPS2 development and system engineering\Maxime assignments\Lab4\CourseMangementSystem\dist\data\courses.json', Status Code: 500
[2024-12-30 14:26:40] [31merror[39m: Failed to fetch paginated courses with caching
[2024-12-30 14:26:40] [32minfo[39m: Created new course
[2024-12-30 14:26:40] [31merror[39m: Failed to update course with ID 5
[2024-12-30 14:26:40] [31merror[39m: Failed to delete course with ID 5
[2024-12-30 14:26:40] [32minfo[39m: Created new course
[2024-12-30 14:26:40] [31merror[39m: Failed to update course with ID 5
[2024-12-30 14:26:40] [31merror[39m: Error: Course not found, Status Code: 404
[2024-12-30 14:26:40] [32minfo[39m: Deleted course with ID 4
[2024-12-30 14:29:35] [31merror[39m: Failed to fetch paginated courses with caching
[2024-12-30 14:29:35] [31merror[39m: Error: ENOENT: no such file or directory, open 'C:\Users\walee\Documents\CPS2\CPS2 development and system engineering\Maxime assignments\Lab4\CourseMangementSystem\dist\data\courses.json', Status Code: 500
[2024-12-30 14:29:35] [32minfo[39m: Created new course
[2024-12-30 14:29:35] [31merror[39m: Failed to create course
[2024-12-30 14:29:35] [32minfo[39m: Updated course with ID 5
[2024-12-30 14:29:35] [31merror[39m: Error: ENOENT: no such file or directory, open 'C:\Users\walee\Documents\CPS2\CPS2 development and system engineering\Maxime assignments\Lab4\CourseMangementSystem\dist\data\courses.json', Status Code: 500
[2024-12-30 14:29:35] [31merror[39m: Failed to update course with ID 5
[2024-12-30 14:29:35] [31merror[39m: Failed to delete course with ID 4
[2024-12-30 14:29:35] [31merror[39m: Error: ENOENT: no such file or directory, open 'C:\Users\walee\Documents\CPS2\CPS2 development and system engineering\Maxime assignments\Lab4\CourseMangementSystem\dist\data\courses.json', Status Code: 500
[2024-12-30 14:29:35] [31merror[39m: Error: Course not found, Status Code: 404
[2024-12-30 14:29:35] [31merror[39m: Failed to delete course with ID 4
[2024-12-30 14:29:35] [31merror[39m: Error: ENOENT: no such file or directory, open 'C:\Users\walee\Documents\CPS2\CPS2 development and system engineering\Maxime assignments\Lab4\CourseMangementSystem\dist\data\courses.json', Status Code: 500
[2024-12-30 14:29:37] [31merror[39m: Failed to fetch paginated courses with caching
[2024-12-30 14:29:37] [32minfo[39m: Created new course
[2024-12-30 14:29:37] [31merror[39m: Failed to update course with ID 5
[2024-12-30 14:29:37] [31merror[39m: Failed to delete course with ID 5
[2024-12-30 14:29:38] [32minfo[39m: Created new course
[2024-12-30 14:29:38] [32minfo[39m: Updated course with ID 5
[2024-12-30 14:29:38] [31merror[39m: Failed to delete course with ID 4
[2024-12-30 14:29:38] [31merror[39m: Error: Course not found, Status Code: 404
[2024-12-30 14:33:39] [31merror[39m: Failed to fetch paginated courses with caching
[2024-12-30 14:33:39] [31merror[39m: Error: ENOENT: no such file or directory, open 'C:\Users\walee\Documents\CPS2\CPS2 development and system engineering\Maxime assignments\Lab4\CourseMangementSystem\dist\data\courses.json', Status Code: 500
[2024-12-30 14:33:39] [31merror[39m: Failed to create course
[2024-12-30 14:33:39] [31merror[39m: Error: ENOENT: no such file or directory, open 'C:\Users\walee\Documents\CPS2\CPS2 development and system engineering\Maxime assignments\Lab4\CourseMangementSystem\dist\data\courses.json', Status Code: 500
[2024-12-30 14:33:39] [32minfo[39m: Created new course
[2024-12-30 14:33:39] [31merror[39m: Failed to update course with ID 5
[2024-12-30 14:33:39] [31merror[39m: Error: ENOENT: no such file or directory, open 'C:\Users\walee\Documents\CPS2\CPS2 development and system engineering\Maxime assignments\Lab4\CourseMangementSystem\dist\data\courses.json', Status Code: 500
[2024-12-30 14:33:39] [31merror[39m: Failed to delete course with ID 4
[2024-12-30 14:33:39] [31merror[39m: Error: ENOENT: no such file or directory, open 'C:\Users\walee\Documents\CPS2\CPS2 development and system engineering\Maxime assignments\Lab4\CourseMangementSystem\dist\data\courses.json', Status Code: 500
[2024-12-30 14:33:39] [32minfo[39m: Updated course with ID 5
[2024-12-30 14:33:39] [31merror[39m: Failed to delete course with ID 4
[2024-12-30 14:33:39] [31merror[39m: Error: Course not found, Status Code: 404
[2024-12-30 14:33:41] [31merror[39m: Failed to fetch paginated courses with caching
[2024-12-30 14:33:41] [32minfo[39m: Created new course
[2024-12-30 14:33:41] [31merror[39m: Failed to update course with ID 5
[2024-12-30 14:33:41] [31merror[39m: Failed to delete course with ID 5
[2024-12-30 14:33:42] [32minfo[39m: Created new course
[2024-12-30 14:33:42] [32minfo[39m: Updated course with ID 5
[2024-12-30 14:33:42] [31merror[39m: Failed to delete course with ID 4
[2024-12-30 14:33:42] [31merror[39m: Error: Course not found, Status Code: 404
[2024-12-30 14:35:06] [31merror[39m: Failed to fetch paginated courses with caching
[2024-12-30 14:35:06] [31merror[39m: Error: ENOENT: no such file or directory, open 'C:\Users\walee\Documents\CPS2\CPS2 development and system engineering\Maxime assignments\Lab4\CourseMangementSystem\dist\data\courses.json', Status Code: 500
[2024-12-30 14:35:06] [31merror[39m: Failed to create course
[2024-12-30 14:35:06] [31merror[39m: Error: ENOENT: no such file or directory, open 'C:\Users\walee\Documents\CPS2\CPS2 development and system engineering\Maxime assignments\Lab4\CourseMangementSystem\dist\data\courses.json', Status Code: 500
[2024-12-30 14:35:06] [31merror[39m: Failed to update course with ID 5
[2024-12-30 14:35:06] [31merror[39m: Error: ENOENT: no such file or directory, open 'C:\Users\walee\Documents\CPS2\CPS2 development and system engineering\Maxime assignments\Lab4\CourseMangementSystem\dist\data\courses.json', Status Code: 500
[2024-12-30 14:35:06] [32minfo[39m: Created new course
[2024-12-30 14:35:06] [31merror[39m: Failed to delete course with ID 4
[2024-12-30 14:35:06] [31merror[39m: Error: ENOENT: no such file or directory, open 'C:\Users\walee\Documents\CPS2\CPS2 development and system engineering\Maxime assignments\Lab4\CourseMangementSystem\dist\data\courses.json', Status Code: 500
[2024-12-30 14:35:06] [32minfo[39m: Updated course with ID 5
[2024-12-30 14:35:06] [31merror[39m: Failed to delete course with ID 4
[2024-12-30 14:35:06] [31merror[39m: Error: Course not found, Status Code: 404
[2024-12-30 14:35:08] [31merror[39m: Failed to fetch paginated courses with caching
[2024-12-30 14:35:08] [32minfo[39m: Created new course
[2024-12-30 14:35:08] [31merror[39m: Failed to update course with ID 5
[2024-12-30 14:35:08] [31merror[39m: Failed to delete course with ID 5
[2024-12-30 14:35:09] [32minfo[39m: Created new course
[2024-12-30 14:35:09] [32minfo[39m: Updated course with ID 5
[2024-12-30 14:35:09] [31merror[39m: Failed to delete course with ID 4
[2024-12-30 14:35:09] [31merror[39m: Error: Course not found, Status Code: 404
[2024-12-30 14:35:48] [31merror[39m: Failed to fetch paginated courses with caching
[2024-12-30 14:35:48] [32minfo[39m: Created new course
[2024-12-30 14:35:48] [31merror[39m: Error: ENOENT: no such file or directory, open 'C:\Users\walee\Documents\CPS2\CPS2 development and system engineering\Maxime assignments\Lab4\CourseMangementSystem\dist\data\courses.json', Status Code: 500
[2024-12-30 14:35:48] [32minfo[39m: Updated course with ID 5
[2024-12-30 14:35:48] [31merror[39m: Failed to delete course with ID 4
[2024-12-30 14:35:48] [31merror[39m: Error: Course not found, Status Code: 404
[2024-12-30 14:35:48] [31merror[39m: Failed to create course
[2024-12-30 14:35:48] [31merror[39m: Error: ENOENT: no such file or directory, open 'C:\Users\walee\Documents\CPS2\CPS2 development and system engineering\Maxime assignments\Lab4\CourseMangementSystem\dist\data\courses.json', Status Code: 500
[2024-12-30 14:35:48] [31merror[39m: Failed to update course with ID 5
[2024-12-30 14:35:48] [31merror[39m: Error: ENOENT: no such file or directory, open 'C:\Users\walee\Documents\CPS2\CPS2 development and system engineering\Maxime assignments\Lab4\CourseMangementSystem\dist\data\courses.json', Status Code: 500
[2024-12-30 14:35:48] [31merror[39m: Failed to delete course with ID 4
[2024-12-30 14:35:48] [31merror[39m: Error: ENOENT: no such file or directory, open 'C:\Users\walee\Documents\CPS2\CPS2 development and system engineering\Maxime assignments\Lab4\CourseMangementSystem\dist\data\courses.json', Status Code: 500
[2024-12-30 14:35:50] [31merror[39m: Failed to fetch paginated courses with caching
[2024-12-30 14:35:50] [32minfo[39m: Created new course
[2024-12-30 14:35:50] [31merror[39m: Failed to update course with ID 5
[2024-12-30 14:35:50] [31merror[39m: Failed to delete course with ID 5
[2024-12-30 14:35:51] [32minfo[39m: Created new course
[2024-12-30 14:35:51] [32minfo[39m: Updated course with ID 5
[2024-12-30 14:35:51] [31merror[39m: Failed to delete course with ID 4
[2024-12-30 14:35:51] [31merror[39m: Error: Course not found, Status Code: 404
[2024-12-30 14:41:48] [31merror[39m: Failed to fetch paginated courses with caching
[2024-12-30 14:41:48] [31merror[39m: Error: ENOENT: no such file or directory, open 'C:\Users\walee\Documents\CPS2\CPS2 development and system engineering\Maxime assignments\Lab4\CourseMangementSystem\dist\data\courses.json', Status Code: 500
[2024-12-30 14:41:48] [31merror[39m: Failed to create course
[2024-12-30 14:41:48] [31merror[39m: Error: ENOENT: no such file or directory, open 'C:\Users\walee\Documents\CPS2\CPS2 development and system engineering\Maxime assignments\Lab4\CourseMangementSystem\dist\data\courses.json', Status Code: 500
[2024-12-30 14:41:48] [31merror[39m: Failed to update course with ID 5
[2024-12-30 14:41:48] [31merror[39m: Error: ENOENT: no such file or directory, open 'C:\Users\walee\Documents\CPS2\CPS2 development and system engineering\Maxime assignments\Lab4\CourseMangementSystem\dist\data\courses.json', Status Code: 500
[2024-12-30 14:41:48] [31merror[39m: Failed to delete course with ID 4
[2024-12-30 14:41:48] [31merror[39m: Error: ENOENT: no such file or directory, open 'C:\Users\walee\Documents\CPS2\CPS2 development and system engineering\Maxime assignments\Lab4\CourseMangementSystem\dist\data\courses.json', Status Code: 500
[2024-12-30 14:41:49] [32minfo[39m: Created new course
[2024-12-30 14:41:49] [31merror[39m: Failed to update course with ID 2
[2024-12-30 14:41:49] [31merror[39m: Error: Course not found, Status Code: 404
[2024-12-30 14:41:49] [31merror[39m: Failed to delete course with ID 2
[2024-12-30 14:41:49] [31merror[39m: Error: Course not found, Status Code: 404
[2024-12-30 14:41:52] [31merror[39m: Failed to fetch paginated courses with caching
[2024-12-30 14:41:52] [32minfo[39m: Created new course
[2024-12-30 14:41:52] [32minfo[39m: Updated course with ID 2
[2024-12-30 14:41:52] [32minfo[39m: Deleted course with ID 2
[2024-12-30 14:41:52] [32minfo[39m: Created new course
[2024-12-30 14:41:52] [32minfo[39m: Incoming request: PUT /api/courses/update/
[2024-12-30 14:41:52] [31merror[39m: Failed to delete course with ID 2
[2024-12-30 14:41:52] [31merror[39m: Error: Course not found, Status Code: 404
[2024-12-30 14:47:56] [31merror[39m: Failed to fetch paginated courses with caching
[2024-12-30 14:47:56] [31merror[39m: Error: ENOENT: no such file or directory, open 'C:\Users\walee\Documents\CPS2\CPS2 development and system engineering\Maxime assignments\Lab4\CourseMangementSystem\dist\data\courses.json', Status Code: 500
[2024-12-30 14:47:56] [31merror[39m: Failed to create course
[2024-12-30 14:47:56] [32minfo[39m: Created new course
[2024-12-30 14:47:56] [31merror[39m: Error: ENOENT: no such file or directory, open 'C:\Users\walee\Documents\CPS2\CPS2 development and system engineering\Maxime assignments\Lab4\CourseMangementSystem\dist\data\courses.json', Status Code: 500
[2024-12-30 14:47:56] [31merror[39m: Failed to update course with ID 2
[2024-12-30 14:47:56] [31merror[39m: Failed to update course with ID 5
[2024-12-30 14:47:56] [31merror[39m: Error: Course not found, Status Code: 404
[2024-12-30 14:47:56] [31merror[39m: Error: ENOENT: no such file or directory, open 'C:\Users\walee\Documents\CPS2\CPS2 development and system engineering\Maxime assignments\Lab4\CourseMangementSystem\dist\data\courses.json', Status Code: 500
[2024-12-30 14:47:56] [31merror[39m: Failed to delete course with ID 4
[2024-12-30 14:47:56] [31merror[39m: Error: ENOENT: no such file or directory, open 'C:\Users\walee\Documents\CPS2\CPS2 development and system engineering\Maxime assignments\Lab4\CourseMangementSystem\dist\data\courses.json', Status Code: 500
[2024-12-30 14:47:56] [31merror[39m: Failed to delete course with ID 2
[2024-12-30 14:47:56] [31merror[39m: Error: Course not found, Status Code: 404
[2024-12-30 14:47:58] [31merror[39m: Failed to fetch paginated courses with caching
[2024-12-30 14:47:58] [32minfo[39m: Created new course
[2024-12-30 14:47:58] [32minfo[39m: Updated course with ID 2
[2024-12-30 14:47:58] [32minfo[39m: Deleted course with ID 2
[2024-12-30 14:47:58] [32minfo[39m: Created new course
[2024-12-30 14:47:58] [32minfo[39m: Incoming request: PUT /api/courses/update/
[2024-12-30 14:47:58] [31merror[39m: Failed to delete course with ID 2
[2024-12-30 14:47:58] [31merror[39m: Error: Course not found, Status Code: 404
[2024-12-30 14:53:57] [31merror[39m: Failed to fetch paginated courses with caching
[2024-12-30 14:53:57] [31merror[39m: Error: ENOENT: no such file or directory, open 'C:\Users\walee\Documents\CPS2\CPS2 development and system engineering\Maxime assignments\Lab4\CourseMangementSystem\dist\data\courses.json', Status Code: 500
[2024-12-30 14:53:57] [31merror[39m: Failed to create course
[2024-12-30 14:53:57] [31merror[39m: Error: ENOENT: no such file or directory, open 'C:\Users\walee\Documents\CPS2\CPS2 development and system engineering\Maxime assignments\Lab4\CourseMangementSystem\dist\data\courses.json', Status Code: 500
[2024-12-30 14:53:57] [31merror[39m: Failed to update course with ID 5
[2024-12-30 14:53:57] [31merror[39m: Error: ENOENT: no such file or directory, open 'C:\Users\walee\Documents\CPS2\CPS2 development and system engineering\Maxime assignments\Lab4\CourseMangementSystem\dist\data\courses.json', Status Code: 500
[2024-12-30 14:53:57] [31merror[39m: Failed to delete course with ID 4
[2024-12-30 14:53:57] [31merror[39m: Error: ENOENT: no such file or directory, open 'C:\Users\walee\Documents\CPS2\CPS2 development and system engineering\Maxime assignments\Lab4\CourseMangementSystem\dist\data\courses.json', Status Code: 500
[2024-12-30 14:53:57] [32minfo[39m: Created new course
[2024-12-30 14:53:57] [31merror[39m: Failed to update course with ID 2
[2024-12-30 14:53:57] [31merror[39m: Error: Course not found, Status Code: 404
[2024-12-30 14:53:57] [31merror[39m: Failed to delete course with ID 2
[2024-12-30 14:53:57] [31merror[39m: Error: Course not found, Status Code: 404
[2024-12-30 14:54:00] [31merror[39m: Failed to fetch paginated courses with caching
[2024-12-30 14:54:00] [32minfo[39m: Created new course
[2024-12-30 14:54:00] [32minfo[39m: Updated course with ID 2
[2024-12-30 14:54:00] [32minfo[39m: Deleted course with ID 2
[2024-12-30 14:54:00] [32minfo[39m: Created new course
[2024-12-30 14:54:00] [32minfo[39m: Incoming request: PUT /api/courses/update/
[2024-12-30 14:54:00] [31merror[39m: Failed to delete course with ID 2
[2024-12-30 14:54:00] [31merror[39m: Error: Course not found, Status Code: 404
[2024-12-30 14:54:20] [31merror[39m: Failed to fetch paginated courses with caching
[2024-12-30 14:54:20] [31merror[39m: Error: ENOENT: no such file or directory, open 'C:\Users\walee\Documents\CPS2\CPS2 development and system engineering\Maxime assignments\Lab4\CourseMangementSystem\dist\data\courses.json', Status Code: 500
[2024-12-30 14:54:20] [32minfo[39m: Created new course
[2024-12-30 14:54:20] [31merror[39m: Failed to update course with ID 2
[2024-12-30 14:54:20] [31merror[39m: Error: Course not found, Status Code: 404
[2024-12-30 14:54:20] [31merror[39m: Failed to create course
[2024-12-30 14:54:20] [31merror[39m: Error: ENOENT: no such file or directory, open 'C:\Users\walee\Documents\CPS2\CPS2 development and system engineering\Maxime assignments\Lab4\CourseMangementSystem\dist\data\courses.json', Status Code: 500
[2024-12-30 14:54:20] [31merror[39m: Failed to delete course with ID 2
[2024-12-30 14:54:20] [31merror[39m: Error: Course not found, Status Code: 404
[2024-12-30 14:54:20] [31merror[39m: Failed to update course with ID 5
[2024-12-30 14:54:20] [31merror[39m: Error: ENOENT: no such file or directory, open 'C:\Users\walee\Documents\CPS2\CPS2 development and system engineering\Maxime assignments\Lab4\CourseMangementSystem\dist\data\courses.json', Status Code: 500
[2024-12-30 14:54:20] [31merror[39m: Failed to delete course with ID 4
[2024-12-30 14:54:20] [31merror[39m: Error: ENOENT: no such file or directory, open 'C:\Users\walee\Documents\CPS2\CPS2 development and system engineering\Maxime assignments\Lab4\CourseMangementSystem\dist\data\courses.json', Status Code: 500
[2024-12-30 14:54:23] [31merror[39m: Failed to fetch paginated courses with caching
[2024-12-30 14:54:23] [32minfo[39m: Created new course
[2024-12-30 14:54:23] [32minfo[39m: Updated course with ID 2
[2024-12-30 14:54:23] [32minfo[39m: Deleted course with ID 2
[2024-12-30 14:54:23] [32minfo[39m: Created new course
[2024-12-30 14:54:23] [32minfo[39m: Incoming request: PUT /api/courses/update/
[2024-12-30 14:54:23] [31merror[39m: Failed to delete course with ID 2
[2024-12-30 14:54:23] [31merror[39m: Error: Course not found, Status Code: 404
[2024-12-30 14:54:52] [31merror[39m: Failed to fetch paginated courses with caching
[2024-12-30 14:54:52] [31merror[39m: Error: ENOENT: no such file or directory, open 'C:\Users\walee\Documents\CPS2\CPS2 development and system engineering\Maxime assignments\Lab4\CourseMangementSystem\dist\data\courses.json', Status Code: 500
[2024-12-30 14:54:53] [31merror[39m: Failed to create course
[2024-12-30 14:54:53] [31merror[39m: Error: ENOENT: no such file or directory, open 'C:\Users\walee\Documents\CPS2\CPS2 development and system engineering\Maxime assignments\Lab4\CourseMangementSystem\dist\data\courses.json', Status Code: 500
[2024-12-30 14:54:53] [31merror[39m: Failed to update course with ID 5
[2024-12-30 14:54:53] [31merror[39m: Error: ENOENT: no such file or directory, open 'C:\Users\walee\Documents\CPS2\CPS2 development and system engineering\Maxime assignments\Lab4\CourseMangementSystem\dist\data\courses.json', Status Code: 500
[2024-12-30 14:54:53] [31merror[39m: Failed to delete course with ID 4
[2024-12-30 14:54:53] [31merror[39m: Error: ENOENT: no such file or directory, open 'C:\Users\walee\Documents\CPS2\CPS2 development and system engineering\Maxime assignments\Lab4\CourseMangementSystem\dist\data\courses.json', Status Code: 500
[2024-12-30 14:54:53] [32minfo[39m: Created new course
[2024-12-30 14:54:53] [31merror[39m: Failed to update course with ID 2
[2024-12-30 14:54:53] [31merror[39m: Error: Course not found, Status Code: 404
[2024-12-30 14:54:53] [31merror[39m: Failed to delete course with ID 2
[2024-12-30 14:54:53] [31merror[39m: Error: Course not found, Status Code: 404
[2024-12-30 14:54:55] [31merror[39m: Failed to fetch paginated courses with caching
[2024-12-30 14:54:55] [32minfo[39m: Created new course
[2024-12-30 14:54:55] [32minfo[39m: Updated course with ID 2
[2024-12-30 14:54:55] [32minfo[39m: Deleted course with ID 2
[2024-12-30 14:54:55] [32minfo[39m: Created new course
[2024-12-30 14:54:55] [32minfo[39m: Incoming request: PUT /api/courses/update/
[2024-12-30 14:54:55] [31merror[39m: Failed to delete course with ID 2
[2024-12-30 14:54:55] [31merror[39m: Error: Course not found, Status Code: 404
[2024-12-30 15:01:05] [31merror[39m: Failed to fetch paginated courses with caching
[2024-12-30 15:01:05] [31merror[39m: Error: ENOENT: no such file or directory, open 'C:\Users\walee\Documents\CPS2\CPS2 development and system engineering\Maxime assignments\Lab4\CourseMangementSystem\dist\data\courses.json', Status Code: 500
[2024-12-30 15:01:05] [31merror[39m: Failed to create course
[2024-12-30 15:01:05] [31merror[39m: Error: ENOENT: no such file or directory, open 'C:\Users\walee\Documents\CPS2\CPS2 development and system engineering\Maxime assignments\Lab4\CourseMangementSystem\dist\data\courses.json', Status Code: 500
[2024-12-30 15:01:05] [31merror[39m: Failed to update course with ID 5
[2024-12-30 15:01:05] [31merror[39m: Error: ENOENT: no such file or directory, open 'C:\Users\walee\Documents\CPS2\CPS2 development and system engineering\Maxime assignments\Lab4\CourseMangementSystem\dist\data\courses.json', Status Code: 500
[2024-12-30 15:01:05] [31merror[39m: Failed to delete course with ID 4
[2024-12-30 15:01:05] [31merror[39m: Error: ENOENT: no such file or directory, open 'C:\Users\walee\Documents\CPS2\CPS2 development and system engineering\Maxime assignments\Lab4\CourseMangementSystem\dist\data\courses.json', Status Code: 500
[2024-12-30 15:04:56] [31merror[39m: Failed to fetch paginated courses with caching
[2024-12-30 15:04:56] [31merror[39m: Error: ENOENT: no such file or directory, open 'C:\Users\walee\Documents\CPS2\CPS2 development and system engineering\Maxime assignments\Lab4\CourseMangementSystem\dist\data\courses.json', Status Code: 500
[2024-12-30 15:04:56] [31merror[39m: Failed to create course
[2024-12-30 15:04:56] [31merror[39m: Error: ENOENT: no such file or directory, open 'C:\Users\walee\Documents\CPS2\CPS2 development and system engineering\Maxime assignments\Lab4\CourseMangementSystem\dist\data\courses.json', Status Code: 500
[2024-12-30 15:04:56] [31merror[39m: Failed to update course with ID 5
[2024-12-30 15:04:56] [31merror[39m: Error: ENOENT: no such file or directory, open 'C:\Users\walee\Documents\CPS2\CPS2 development and system engineering\Maxime assignments\Lab4\CourseMangementSystem\dist\data\courses.json', Status Code: 500
[2024-12-30 15:04:56] [31merror[39m: Failed to delete course with ID 4
[2024-12-30 15:04:56] [31merror[39m: Error: ENOENT: no such file or directory, open 'C:\Users\walee\Documents\CPS2\CPS2 development and system engineering\Maxime assignments\Lab4\CourseMangementSystem\dist\data\courses.json', Status Code: 500
[2024-12-30 15:07:11] [31merror[39m: Failed to fetch paginated courses with caching
[2024-12-30 15:07:11] [31merror[39m: Error: ENOENT: no such file or directory, open 'C:\Users\walee\Documents\CPS2\CPS2 development and system engineering\Maxime assignments\Lab4\CourseMangementSystem\dist\data\courses.json', Status Code: 500
[2024-12-30 15:07:11] [31merror[39m: Failed to create course
[2024-12-30 15:07:11] [31merror[39m: Error: ENOENT: no such file or directory, open 'C:\Users\walee\Documents\CPS2\CPS2 development and system engineering\Maxime assignments\Lab4\CourseMangementSystem\dist\data\courses.json', Status Code: 500
[2024-12-30 15:07:11] [31merror[39m: Failed to update course with ID 5
[2024-12-30 15:07:11] [31merror[39m: Error: ENOENT: no such file or directory, open 'C:\Users\walee\Documents\CPS2\CPS2 development and system engineering\Maxime assignments\Lab4\CourseMangementSystem\dist\data\courses.json', Status Code: 500
[2024-12-30 15:07:11] [31merror[39m: Failed to delete course with ID 4
[2024-12-30 15:07:11] [31merror[39m: Error: ENOENT: no such file or directory, open 'C:\Users\walee\Documents\CPS2\CPS2 development and system engineering\Maxime assignments\Lab4\CourseMangementSystem\dist\data\courses.json', Status Code: 500
[2024-12-30 15:08:52] [31merror[39m: Failed to fetch paginated courses with caching
[2024-12-30 15:08:52] [31merror[39m: Error: ENOENT: no such file or directory, open 'C:\Users\walee\Documents\CPS2\CPS2 development and system engineering\Maxime assignments\Lab4\CourseMangementSystem\dist\data\courses.json', Status Code: 500
[2024-12-30 15:08:52] [31merror[39m: Failed to create course
[2024-12-30 15:08:52] [31merror[39m: Error: ENOENT: no such file or directory, open 'C:\Users\walee\Documents\CPS2\CPS2 development and system engineering\Maxime assignments\Lab4\CourseMangementSystem\dist\data\courses.json', Status Code: 500
[2024-12-30 15:08:52] [31merror[39m: Failed to update course with ID 5
[2024-12-30 15:08:52] [31merror[39m: Error: ENOENT: no such file or directory, open 'C:\Users\walee\Documents\CPS2\CPS2 development and system engineering\Maxime assignments\Lab4\CourseMangementSystem\dist\data\courses.json', Status Code: 500
[2024-12-30 15:08:52] [31merror[39m: Failed to delete course with ID 4
[2024-12-30 15:08:52] [31merror[39m: Error: ENOENT: no such file or directory, open 'C:\Users\walee\Documents\CPS2\CPS2 development and system engineering\Maxime assignments\Lab4\CourseMangementSystem\dist\data\courses.json', Status Code: 500
[2024-12-30 15:10:26] [31merror[39m: Failed to fetch paginated courses with caching
[2024-12-30 15:10:26] [31merror[39m: Error: ENOENT: no such file or directory, open 'C:\Users\walee\Documents\CPS2\CPS2 development and system engineering\Maxime assignments\Lab4\CourseMangementSystem\dist\data\courses.json', Status Code: 500
[2024-12-30 15:13:02] [31merror[39m: Failed to fetch paginated courses with caching
[2024-12-30 15:13:02] [31merror[39m: Error: ENOENT: no such file or directory, open 'C:\Users\walee\Documents\CPS2\CPS2 development and system engineering\Maxime assignments\Lab4\CourseMangementSystem\dist\data\courses.json', Status Code: 500
[2024-12-30 15:14:19] [31merror[39m: Failed to fetch paginated courses with caching
[2024-12-30 15:14:19] [31merror[39m: Error: ENOENT: no such file or directory, open 'C:\Users\walee\Documents\CPS2\CPS2 development and system engineering\Maxime assignments\Lab4\CourseMangementSystem\dist\data\courses.json', Status Code: 500
[2024-12-31 09:40:02] [31merror[39m: Failed to fetch paginated courses with caching
[2024-12-31 09:40:02] [31merror[39m: Error: ENOENT: no such file or directory, open 'C:\Users\walee\Documents\CPS2\CPS2 development and system engineering\Maxime assignments\Lab4\CourseMangementSystem\dist\data\courses.json', Status Code: 500
[2024-12-31 09:40:02] [31merror[39m: Failed to create course
[2024-12-31 09:40:02] [31merror[39m: Error: ENOENT: no such file or directory, open 'C:\Users\walee\Documents\CPS2\CPS2 development and system engineering\Maxime assignments\Lab4\CourseMangementSystem\dist\data\courses.json', Status Code: 500
[2024-12-31 09:40:02] [31merror[39m: Failed to update course with ID 5
[2024-12-31 09:40:02] [31merror[39m: Error: ENOENT: no such file or directory, open 'C:\Users\walee\Documents\CPS2\CPS2 development and system engineering\Maxime assignments\Lab4\CourseMangementSystem\dist\data\courses.json', Status Code: 500
[2024-12-31 09:40:02] [31merror[39m: Failed to delete course with ID 4
[2024-12-31 09:40:02] [31merror[39m: Error: ENOENT: no such file or directory, open 'C:\Users\walee\Documents\CPS2\CPS2 development and system engineering\Maxime assignments\Lab4\CourseMangementSystem\dist\data\courses.json', Status Code: 500
[2024-12-31 09:40:07] [31merror[39m: Failed to fetch paginated courses with caching
[2024-12-31 09:40:13] [32minfo[39m: Created new course
[2024-12-31 09:40:13] [32minfo[39m: Updated course with ID 5
[2024-12-31 09:40:13] [31merror[39m: Failed to delete course with ID 4
[2024-12-31 09:40:13] [31merror[39m: Error: Course not found, Status Code: 404
[2024-12-31 09:40:13] [32minfo[39m: Created new course
[2024-12-31 09:40:13] [32minfo[39m: Updated course with ID 5
[2024-12-31 09:40:13] [31merror[39m: Failed to delete course with ID 4
[2024-12-31 09:40:13] [31merror[39m: Error: Course not found, Status Code: 404
[2024-12-31 09:44:26] [31merror[39m: Failed to fetch paginated courses with caching
[2024-12-31 09:44:26] [31merror[39m: Error: ENOENT: no such file or directory, open 'C:\Users\walee\Documents\CPS2\CPS2 development and system engineering\Maxime assignments\Lab4\CourseMangementSystem\dist\data\courses.json', Status Code: 500
[2024-12-31 09:44:26] [31merror[39m: Failed to create course
[2024-12-31 09:44:26] [31merror[39m: Error: ENOENT: no such file or directory, open 'C:\Users\walee\Documents\CPS2\CPS2 development and system engineering\Maxime assignments\Lab4\CourseMangementSystem\dist\data\courses.json', Status Code: 500
[2024-12-31 09:44:26] [31merror[39m: Failed to update course with ID 5
[2024-12-31 09:44:26] [31merror[39m: Error: ENOENT: no such file or directory, open 'C:\Users\walee\Documents\CPS2\CPS2 development and system engineering\Maxime assignments\Lab4\CourseMangementSystem\dist\data\courses.json', Status Code: 500
[2024-12-31 09:44:26] [31merror[39m: Failed to delete course with ID 4
[2024-12-31 09:44:26] [31merror[39m: Error: ENOENT: no such file or directory, open 'C:\Users\walee\Documents\CPS2\CPS2 development and system engineering\Maxime assignments\Lab4\CourseMangementSystem\dist\data\courses.json', Status Code: 500
[2024-12-31 09:44:28] [31merror[39m: Failed to fetch paginated courses with caching
[2024-12-31 09:45:21] [31merror[39m: Failed to fetch paginated courses with caching
[2024-12-31 09:45:21] [31merror[39m: Error: ENOENT: no such file or directory, open 'C:\Users\walee\Documents\CPS2\CPS2 development and system engineering\Maxime assignments\Lab4\CourseMangementSystem\dist\data\courses.json', Status Code: 500
[2024-12-31 09:45:21] [31merror[39m: Failed to create course
[2024-12-31 09:45:21] [31merror[39m: Error: ENOENT: no such file or directory, open 'C:\Users\walee\Documents\CPS2\CPS2 development and system engineering\Maxime assignments\Lab4\CourseMangementSystem\dist\data\courses.json', Status Code: 500
[2024-12-31 09:45:21] [31merror[39m: Failed to update course with ID 5
[2024-12-31 09:45:21] [31merror[39m: Error: ENOENT: no such file or directory, open 'C:\Users\walee\Documents\CPS2\CPS2 development and system engineering\Maxime assignments\Lab4\CourseMangementSystem\dist\data\courses.json', Status Code: 500
[2024-12-31 09:45:21] [31merror[39m: Failed to delete course with ID 4
[2024-12-31 09:45:21] [31merror[39m: Error: ENOENT: no such file or directory, open 'C:\Users\walee\Documents\CPS2\CPS2 development and system engineering\Maxime assignments\Lab4\CourseMangementSystem\dist\data\courses.json', Status Code: 500
[2024-12-31 09:45:35] [31merror[39m: Failed to fetch paginated courses with caching
[2024-12-31 09:45:35] [31merror[39m: Error: ENOENT: no such file or directory, open 'C:\Users\walee\Documents\CPS2\CPS2 development and system engineering\Maxime assignments\Lab4\CourseMangementSystem\dist\data\courses.json', Status Code: 500
[2024-12-31 09:45:35] [31merror[39m: Failed to create course
[2024-12-31 09:45:35] [31merror[39m: Error: ENOENT: no such file or directory, open 'C:\Users\walee\Documents\CPS2\CPS2 development and system engineering\Maxime assignments\Lab4\CourseMangementSystem\dist\data\courses.json', Status Code: 500
[2024-12-31 09:45:35] [31merror[39m: Failed to update course with ID 5
[2024-12-31 09:45:35] [31merror[39m: Error: ENOENT: no such file or directory, open 'C:\Users\walee\Documents\CPS2\CPS2 development and system engineering\Maxime assignments\Lab4\CourseMangementSystem\dist\data\courses.json', Status Code: 500
[2024-12-31 09:45:35] [31merror[39m: Failed to delete course with ID 4
[2024-12-31 09:45:35] [31merror[39m: Error: ENOENT: no such file or directory, open 'C:\Users\walee\Documents\CPS2\CPS2 development and system engineering\Maxime assignments\Lab4\CourseMangementSystem\dist\data\courses.json', Status Code: 500
[2024-12-31 09:55:10] [31merror[39m: Failed to fetch paginated courses with caching
[2024-12-31 09:55:10] [31merror[39m: Error: ENOENT: no such file or directory, open 'C:\Users\walee\Documents\CPS2\CPS2 development and system engineering\Maxime assignments\Lab4\CourseMangementSystem\dist\data\courses.json', Status Code: 500
[2024-12-31 09:55:10] [31merror[39m: Failed to create course
[2024-12-31 09:55:10] [31merror[39m: Error: ENOENT: no such file or directory, open 'C:\Users\walee\Documents\CPS2\CPS2 development and system engineering\Maxime assignments\Lab4\CourseMangementSystem\dist\data\courses.json', Status Code: 500
[2024-12-31 09:55:10] [31merror[39m: Failed to update course with ID 5
[2024-12-31 09:55:10] [31merror[39m: Error: ENOENT: no such file or directory, open 'C:\Users\walee\Documents\CPS2\CPS2 development and system engineering\Maxime assignments\Lab4\CourseMangementSystem\dist\data\courses.json', Status Code: 500
[2024-12-31 09:55:10] [31merror[39m: Failed to delete course with ID 4
[2024-12-31 09:55:10] [31merror[39m: Error: ENOENT: no such file or directory, open 'C:\Users\walee\Documents\CPS2\CPS2 development and system engineering\Maxime assignments\Lab4\CourseMangementSystem\dist\data\courses.json', Status Code: 500
[2024-12-31 09:55:11] [31merror[39m: Failed to fetch paginated courses with caching
[2024-12-31 09:55:29] [31merror[39m: Failed to fetch paginated courses with caching
[2024-12-31 09:55:46] [31merror[39m: Failed to fetch paginated courses with caching
[2024-12-31 09:56:19] [31merror[39m: Failed to fetch paginated courses with caching
[2024-12-31 09:56:19] [32minfo[39m: Created new course
[2024-12-31 09:56:19] [31merror[39m: Failed to update course with ID 5
[2024-12-31 09:56:19] [31merror[39m: Failed to delete course with ID 5
[2024-12-31 09:57:03] [31merror[39m: Failed to fetch paginated courses with caching
[2024-12-31 09:57:03] [32minfo[39m: Created new course
[2024-12-31 09:57:03] [32minfo[39m: Updated course with ID 1
[2024-12-31 09:57:03] [32minfo[39m: Deleted course with ID 1
[2024-12-31 10:03:16] [31merror[39m: Failed to fetch paginated courses with caching
[2024-12-31 10:03:16] [32minfo[39m: Created new course
[2024-12-31 10:03:16] [32minfo[39m: Updated course with ID 1
[2024-12-31 10:03:16] [32minfo[39m: Deleted course with ID 1
[2024-12-31 10:03:42] [32minfo[39m: Created new course
[2024-12-31 10:03:42] [32minfo[39m: Updated course with ID 5
[2024-12-31 10:03:42] [31merror[39m: Failed to delete course with ID 4
[2024-12-31 10:03:42] [31merror[39m: Error: Course not found, Status Code: 404
[2024-12-31 10:04:36] [31merror[39m: Failed to fetch paginated courses with caching
[2024-12-31 10:04:36] [31merror[39m: Error: Reached the max retries per request limit (which is 20). Refer to "maxRetriesPerRequest" option for details., Status Code: 500
[2024-12-31 10:06:07] [32minfo[39m: Created new course
[2024-12-31 10:06:07] [32minfo[39m: Updated course with ID 5
[2024-12-31 10:06:07] [31merror[39m: Failed to delete course with ID 4
[2024-12-31 10:06:07] [31merror[39m: Error: Course not found, Status Code: 404
[2024-12-31 10:07:01] [31merror[39m: Failed to fetch paginated courses with caching
[2024-12-31 10:07:01] [31merror[39m: Error: Reached the max retries per request limit (which is 20). Refer to "maxRetriesPerRequest" option for details., Status Code: 500
[2024-12-31 10:13:35] [32minfo[39m: Created new course
[2024-12-31 10:13:35] [32minfo[39m: Updated course with ID 5
[2024-12-31 10:13:35] [31merror[39m: Failed to delete course with ID 4
[2024-12-31 10:13:35] [31merror[39m: Error: Course not found, Status Code: 404
[2024-12-31 10:16:01] [31merror[39m: Failed to fetch paginated courses with caching
[2024-12-31 10:16:01] [31merror[39m: Error: Reached the max retries per request limit (which is 20). Refer to "maxRetriesPerRequest" option for details., Status Code: 500
[2024-12-31 10:18:05] [31merror[39m: Failed to fetch paginated courses with caching
[2024-12-31 10:18:05] [31merror[39m: Error: Reached the max retries per request limit (which is 20). Refer to "maxRetriesPerRequest" option for details., Status Code: 500
[2024-12-31 10:19:52] [31merror[39m: Failed to fetch paginated courses with caching
[2024-12-31 10:19:52] [31merror[39m: Error: Reached the max retries per request limit (which is 20). Refer to "maxRetriesPerRequest" option for details., Status Code: 500
[2024-12-31 10:29:42] [31merror[39m: Failed to fetch paginated courses with caching
[2024-12-31 10:29:42] [31merror[39m: Error: ENOENT: no such file or directory, open 'C:\Users\walee\Documents\CPS2\CPS2 development and system engineering\Maxime assignments\Lab4\CourseMangementSystem\dist\data\courses.json', Status Code: 500
[2024-12-31 10:29:42] [31merror[39m: Failed to create course
[2024-12-31 10:29:42] [31merror[39m: Error: ENOENT: no such file or directory, open 'C:\Users\walee\Documents\CPS2\CPS2 development and system engineering\Maxime assignments\Lab4\CourseMangementSystem\dist\data\courses.json', Status Code: 500
[2024-12-31 10:29:42] [31merror[39m: Failed to update course with ID 5
[2024-12-31 10:29:42] [31merror[39m: Error: ENOENT: no such file or directory, open 'C:\Users\walee\Documents\CPS2\CPS2 development and system engineering\Maxime assignments\Lab4\CourseMangementSystem\dist\data\courses.json', Status Code: 500
[2024-12-31 10:29:42] [31merror[39m: Failed to delete course with ID 4
[2024-12-31 10:29:42] [31merror[39m: Error: ENOENT: no such file or directory, open 'C:\Users\walee\Documents\CPS2\CPS2 development and system engineering\Maxime assignments\Lab4\CourseMangementSystem\dist\data\courses.json', Status Code: 500
[2024-12-31 10:29:43] [31merror[39m: Failed to fetch paginated courses with caching
[2024-12-31 10:29:43] [32minfo[39m: Created new course
[2024-12-31 10:29:43] [32minfo[39m: Updated course with ID 1
[2024-12-31 10:29:43] [32minfo[39m: Deleted course with ID 1
[2024-12-31 10:31:14] [31merror[39m: Failed to fetch paginated courses with caching
[2024-12-31 10:31:14] [31merror[39m: Error: ENOENT: no such file or directory, open 'C:\Users\walee\Documents\CPS2\CPS2 development and system engineering\Maxime assignments\Lab4\CourseMangementSystem\dist\data\courses.json', Status Code: 500
[2024-12-31 10:31:14] [31merror[39m: Failed to create course
[2024-12-31 10:31:14] [31merror[39m: Error: ENOENT: no such file or directory, open 'C:\Users\walee\Documents\CPS2\CPS2 development and system engineering\Maxime assignments\Lab4\CourseMangementSystem\dist\data\courses.json', Status Code: 500
[2024-12-31 10:31:14] [31merror[39m: Failed to update course with ID 5
[2024-12-31 10:31:14] [31merror[39m: Error: ENOENT: no such file or directory, open 'C:\Users\walee\Documents\CPS2\CPS2 development and system engineering\Maxime assignments\Lab4\CourseMangementSystem\dist\data\courses.json', Status Code: 500
[2024-12-31 10:31:14] [31merror[39m: Failed to delete course with ID 4
[2024-12-31 10:31:14] [31merror[39m: Error: ENOENT: no such file or directory, open 'C:\Users\walee\Documents\CPS2\CPS2 development and system engineering\Maxime assignments\Lab4\CourseMangementSystem\dist\data\courses.json', Status Code: 500
[2024-12-31 10:31:15] [31merror[39m: Failed to fetch paginated courses with caching
[2024-12-31 10:31:15] [32minfo[39m: Created new course
[2024-12-31 10:31:15] [32minfo[39m: Updated course with ID 1
[2024-12-31 10:31:15] [32minfo[39m: Deleted course with ID 1
[2024-12-31 10:37:09] [31merror[39m: Failed to fetch paginated courses with caching
[2024-12-31 10:37:09] [31merror[39m: Error: ENOENT: no such file or directory, open 'C:\Users\walee\Documents\CPS2\CPS2 development and system engineering\Maxime assignments\Lab4\CourseMangementSystem\dist\data\courses.json', Status Code: 500
[2024-12-31 10:37:10] [31merror[39m: Failed to create course
[2024-12-31 10:37:10] [31merror[39m: Error: ENOENT: no such file or directory, open 'C:\Users\walee\Documents\CPS2\CPS2 development and system engineering\Maxime assignments\Lab4\CourseMangementSystem\dist\data\courses.json', Status Code: 500
[2024-12-31 10:37:10] [31merror[39m: Failed to update course with ID 5
[2024-12-31 10:37:10] [31merror[39m: Error: ENOENT: no such file or directory, open 'C:\Users\walee\Documents\CPS2\CPS2 development and system engineering\Maxime assignments\Lab4\CourseMangementSystem\dist\data\courses.json', Status Code: 500
[2024-12-31 10:37:10] [31merror[39m: Failed to delete course with ID 4
[2024-12-31 10:37:10] [31merror[39m: Error: ENOENT: no such file or directory, open 'C:\Users\walee\Documents\CPS2\CPS2 development and system engineering\Maxime assignments\Lab4\CourseMangementSystem\dist\data\courses.json', Status Code: 500
[2024-12-31 10:37:11] [31merror[39m: Failed to fetch paginated courses with caching
[2024-12-31 10:37:11] [32minfo[39m: Created new course
[2024-12-31 10:37:11] [32minfo[39m: Updated course with ID 1
[2024-12-31 10:37:11] [32minfo[39m: Deleted course with ID 1
[2024-12-31 10:37:55] [31merror[39m: Failed to fetch paginated courses with caching
[2024-12-31 10:37:55] [31merror[39m: Error: ENOENT: no such file or directory, open 'C:\Users\walee\Documents\CPS2\CPS2 development and system engineering\Maxime assignments\Lab4\CourseMangementSystem\dist\data\courses.json', Status Code: 500
[2024-12-31 10:37:55] [31merror[39m: Failed to create course
[2024-12-31 10:37:55] [31merror[39m: Error: ENOENT: no such file or directory, open 'C:\Users\walee\Documents\CPS2\CPS2 development and system engineering\Maxime assignments\Lab4\CourseMangementSystem\dist\data\courses.json', Status Code: 500
[2024-12-31 10:37:55] [31merror[39m: Failed to update course with ID 5
[2024-12-31 10:37:55] [31merror[39m: Error: ENOENT: no such file or directory, open 'C:\Users\walee\Documents\CPS2\CPS2 development and system engineering\Maxime assignments\Lab4\CourseMangementSystem\dist\data\courses.json', Status Code: 500
[2024-12-31 10:37:55] [31merror[39m: Failed to delete course with ID 4
[2024-12-31 10:37:55] [31merror[39m: Error: ENOENT: no such file or directory, open 'C:\Users\walee\Documents\CPS2\CPS2 development and system engineering\Maxime assignments\Lab4\CourseMangementSystem\dist\data\courses.json', Status Code: 500
[2024-12-31 10:37:58] [31merror[39m: Failed to fetch paginated courses with caching
[2024-12-31 10:37:58] [32minfo[39m: Created new course
[2024-12-31 10:37:58] [32minfo[39m: Updated course with ID 1
[2024-12-31 10:37:58] [32minfo[39m: Deleted course with ID 1
[2024-12-31 10:40:38] [31merror[39m: Failed to fetch paginated courses with caching
[2024-12-31 10:40:38] [32minfo[39m: Created new course
[2024-12-31 10:40:38] [32minfo[39m: Updated course with ID 1
[2024-12-31 10:40:38] [32minfo[39m: Deleted course with ID 1
[2024-12-31 10:44:11] [31merror[39m: Failed to fetch paginated courses with caching
[2024-12-31 10:44:11] [32minfo[39m: Created new course
[2024-12-31 10:44:11] [32minfo[39m: Updated course with ID 1
[2024-12-31 10:44:11] [32minfo[39m: Deleted course with ID 1
[2024-12-31 10:45:45] [31merror[39m: Failed to fetch paginated courses with caching
[2024-12-31 10:45:45] [32minfo[39m: Created new course
[2024-12-31 10:45:45] [32minfo[39m: Updated course with ID 1
[2024-12-31 10:45:45] [32minfo[39m: Deleted course with ID 1
[2024-12-31 10:51:47] [31merror[39m: Failed to fetch paginated courses with caching
[2024-12-31 10:51:47] [32minfo[39m: Created new course
[2024-12-31 10:51:47] [32minfo[39m: Updated course with ID 1
[2024-12-31 10:51:47] [32minfo[39m: Deleted course with ID 1
[2024-12-31 10:52:54] [31merror[39m: Failed to fetch paginated courses with caching
[2024-12-31 10:52:54] [32minfo[39m: Created new course
[2024-12-31 10:52:54] [32minfo[39m: Updated course with ID 1
[2024-12-31 10:52:54] [32minfo[39m: Deleted course with ID 1
[2024-12-31 11:20:56] [31merror[39m: Failed to fetch paginated courses with caching
[2024-12-31 11:20:56] [32minfo[39m: Created new course
[2024-12-31 11:20:56] [32minfo[39m: Updated course with ID 1
[2024-12-31 11:20:56] [32minfo[39m: Deleted course with ID 1
[2024-12-31 11:24:27] [31merror[39m: Failed to fetch paginated courses with caching
[2024-12-31 11:24:27] [32minfo[39m: Created new course
[2024-12-31 11:24:27] [32minfo[39m: Updated course with ID 1
[2024-12-31 11:24:27] [32minfo[39m: Deleted course with ID 1
[2024-12-31 11:28:06] [31merror[39m: Failed to fetch paginated courses with caching
[2024-12-31 11:28:06] [32minfo[39m: Created new course
[2024-12-31 11:28:06] [32minfo[39m: Updated course with ID 1
[2024-12-31 11:28:06] [32minfo[39m: Deleted course with ID 1
[2024-12-31 11:36:52] [31merror[39m: Failed to fetch paginated courses with caching
[2024-12-31 11:36:52] [32minfo[39m: Created new course
[2024-12-31 11:36:52] [32minfo[39m: Updated course with ID 1
[2024-12-31 11:36:52] [32minfo[39m: Deleted course with ID 1
[2024-12-31 11:37:56] [31merror[39m: Failed to fetch paginated courses with caching
[2024-12-31 11:37:56] [32minfo[39m: Created new course
[2024-12-31 11:37:56] [32minfo[39m: Updated course with ID 1
[2024-12-31 11:37:56] [32minfo[39m: Deleted course with ID 1
[2024-12-31 11:39:25] [31merror[39m: Failed to fetch paginated courses with caching
[2024-12-31 11:39:25] [32minfo[39m: Created new course
[2024-12-31 11:39:25] [32minfo[39m: Updated course with ID 1
[2024-12-31 11:39:25] [32minfo[39m: Deleted course with ID 1
[2024-12-31 11:57:22] [31merror[39m: Failed to fetch paginated courses with caching
[2024-12-31 11:57:22] [32minfo[39m: Created new course
[2024-12-31 11:57:22] [32minfo[39m: Updated course with ID 1
[2024-12-31 11:57:22] [32minfo[39m: Deleted course with ID 1
[2024-12-31 12:02:56] [31merror[39m: Failed to fetch paginated courses with caching
[2024-12-31 12:02:56] [32minfo[39m: Created new course
[2024-12-31 12:02:56] [32minfo[39m: Updated course with ID 1
[2024-12-31 12:02:56] [32minfo[39m: Deleted course with ID 1
[2024-12-31 12:03:17] [31merror[39m: Failed to fetch paginated courses with caching
[2024-12-31 12:03:17] [32minfo[39m: Created new course
[2024-12-31 12:03:17] [32minfo[39m: Updated course with ID 1
[2024-12-31 12:03:17] [32minfo[39m: Deleted course with ID 1
